<?xml version="1.0" encoding="UTF-8"?>
<!-- Generated by org.testng.reporters.JUnitXMLReporter -->
<testsuite ignored="2" hostname="DESKTOP-7C911OD" failures="0" tests="1" name="Default test" time="12.546" errors="0" timestamp="2025-03-07T15:36:59 IST">
  <testcase classname="com.nxtgenai.mustdoassignment.RegsiterDemoTestNG" name="navigateToRegistrationForDemoPage" time="1.535"/>
  <testcase classname="com.nxtgenai.mustdoassignment.RegsiterDemoTestNG" name="registerUser" time="0.0">
    <ignored/>
  </testcase> <!-- registerUser -->
  <testcase classname="com.nxtgenai.mustdoassignment.RegsiterDemoTestNG" name="validatingSuccessfulMessage" time="0.0">
    <ignored/>
  </testcase> <!-- validatingSuccessfulMessage -->
</testsuite> <!-- Default test -->
