<?xml version="1.0" encoding="UTF-8"?>
<!-- Generated by org.testng.reporters.JUnitXMLReporter -->
<testsuite ignored="0" hostname="DESKTOP-7C911OD" failures="0" tests="3" name="Register Demo Flow" time="17.523" errors="0" timestamp="2025-03-04T17:24:21 IST">
  <testcase classname="com.nxtgenai.mustdoassignment.RegsiterDemoTestNG" name="navigateToRegistrationForDemoPage" time="1.395"/>
  <testcase classname="com.nxtgenai.mustdoassignment.RegsiterDemoTestNG" name="registerUser" time="4.711"/>
  <testcase classname="com.nxtgenai.mustdoassignment.RegsiterDemoTestNG" name="validatingSuccessfulMessage" time="0.068"/>
</testsuite> <!-- Register Demo Flow -->
