<?xml version="1.0" encoding="UTF-8"?>
<!-- Generated by org.testng.reporters.JUnitXMLReporter -->
<testsuite ignored="0" hostname="DESKTOP-7C911OD" failures="0" tests="3" name="Register Demo Flow" time="18.778" errors="0" timestamp="2025-03-05T14:21:09 IST">
  <testcase classname="com.nxtgenai.mustdoassignment.RegsiterDemoTestNG" name="navigateToRegistrationForDemoPage" time="1.352"/>
  <testcase classname="com.nxtgenai.mustdoassignment.RegsiterDemoTestNG" name="registerUser" time="5.421"/>
  <testcase classname="com.nxtgenai.mustdoassignment.RegsiterDemoTestNG" name="validatingSuccessfulMessage" time="0.069"/>
</testsuite> <!-- Register Demo Flow -->
