<?xml version="1.0" encoding="UTF-8"?>
<testng-results ignored="2" total="3" passed="1" failed="0" skipped="0">
  <reporter-output>
    <line>
      <![CDATA[Application is launched]]>
    </line>
    <line>
      <![CDATA[Navigated to register demo page]]>
    </line>
    <line>
      <![CDATA[Application is closed]]>
    </line>
  </reporter-output>
  <suite started-at="2025-03-07T15:36:46 IST" name="Default suite" finished-at="2025-03-07T15:36:59 IST" duration-ms="12546">
    <groups>
    </groups>
    <test started-at="2025-03-07T15:36:46 IST" name="Default test" finished-at="2025-03-07T15:36:59 IST" duration-ms="12546">
      <class name="com.nxtgenai.mustdoassignment.RegsiterDemoTestNG">
        <test-method is-config="true" signature="launchApplication()[pri:0, instance:com.nxtgenai.mustdoassignment.RegsiterDemoTestNG@74d1dc36]" started-at="2025-03-07T15:36:46 IST" name="launchApplication" finished-at="2025-03-07T15:36:57 IST" duration-ms="10706" status="PASS">
          <reporter-output>
            <line>
              <![CDATA[Application is launched]]>
            </line>
          </reporter-output>
        </test-method> <!-- launchApplication -->
        <test-method signature="navigateToRegistrationForDemoPage()[pri:1, instance:com.nxtgenai.mustdoassignment.RegsiterDemoTestNG@74d1dc36]" started-at="2025-03-07T15:36:57 IST" name="navigateToRegistrationForDemoPage" finished-at="2025-03-07T15:36:58 IST" duration-ms="1535" status="PASS">
          <reporter-output>
            <line>
              <![CDATA[Navigated to register demo page]]>
            </line>
          </reporter-output>
        </test-method> <!-- navigateToRegistrationForDemoPage -->
        <test-method is-config="true" signature="closeApplication()[pri:0, instance:com.nxtgenai.mustdoassignment.RegsiterDemoTestNG@74d1dc36]" started-at="2025-03-07T15:36:58 IST" name="closeApplication" finished-at="2025-03-07T15:36:59 IST" duration-ms="219" status="PASS">
          <reporter-output>
            <line>
              <![CDATA[Application is closed]]>
            </line>
          </reporter-output>
        </test-method> <!-- closeApplication -->
      </class> <!-- com.nxtgenai.mustdoassignment.RegsiterDemoTestNG -->
    </test> <!-- Default test -->
  </suite> <!-- Default suite -->
</testng-results>
